2023-08-12 10:30:43,695 INFO    StreamThr :8189 [internal.py:wandb_internal():86] W&B internal server running at pid: 8189, started at: 2023-08-12 10:30:43.694079
2023-08-12 10:30:43,700 DEBUG   HandlerThread:8189 [handler.py:handle_request():144] handle_request: status
2023-08-12 10:30:43,716 INFO    WriterThread:8189 [datastore.py:open_for_write():85] open: /Users/apple/Desktop/ranga_udacity/c3_project/nyc-rental-prices-predictions-ml-pipeline/src/train_random_forest/wandb/run-20230812_103043-72oax9tf/run-72oax9tf.wandb
2023-08-12 10:30:43,718 DEBUG   SenderThread:8189 [sender.py:send():379] send: header
2023-08-12 10:30:43,768 DEBUG   SenderThread:8189 [sender.py:send():379] send: run
2023-08-12 10:30:48,785 DEBUG   HandlerThread:8189 [handler.py:handle_request():144] handle_request: keepalive
2023-08-12 10:30:53,804 DEBUG   HandlerThread:8189 [handler.py:handle_request():144] handle_request: keepalive
2023-08-12 10:30:58,823 DEBUG   HandlerThread:8189 [handler.py:handle_request():144] handle_request: keepalive
2023-08-12 10:31:03,842 DEBUG   HandlerThread:8189 [handler.py:handle_request():144] handle_request: keepalive
2023-08-12 10:31:08,860 DEBUG   HandlerThread:8189 [handler.py:handle_request():144] handle_request: keepalive
2023-08-12 10:31:12,825 INFO    SenderThread:8189 [dir_watcher.py:__init__():211] watching files in: /Users/apple/Desktop/ranga_udacity/c3_project/nyc-rental-prices-predictions-ml-pipeline/src/train_random_forest/wandb/run-20230812_103043-72oax9tf/files
2023-08-12 10:31:12,826 INFO    SenderThread:8189 [sender.py:_start_run_threads():1121] run started: 72oax9tf with start time 1691816443.699036
2023-08-12 10:31:12,826 DEBUG   SenderThread:8189 [sender.py:send_request():406] send_request: summary_record
2023-08-12 10:31:12,827 DEBUG   HandlerThread:8189 [handler.py:handle_request():144] handle_request: status_report
2023-08-12 10:31:12,828 INFO    SenderThread:8189 [sender.py:_save_file():1375] saving file wandb-summary.json with policy end
2023-08-12 10:31:12,839 DEBUG   HandlerThread:8189 [handler.py:handle_request():144] handle_request: check_version
2023-08-12 10:31:12,840 DEBUG   SenderThread:8189 [sender.py:send_request():406] send_request: check_version
2023-08-12 10:31:13,064 DEBUG   HandlerThread:8189 [handler.py:handle_request():144] handle_request: run_start
2023-08-12 10:31:13,078 DEBUG   HandlerThread:8189 [system_info.py:__init__():31] System info init
2023-08-12 10:31:13,078 DEBUG   HandlerThread:8189 [system_info.py:__init__():46] System info init done
2023-08-12 10:31:13,079 INFO    HandlerThread:8189 [system_monitor.py:start():181] Starting system monitor
2023-08-12 10:31:13,079 INFO    SystemMonitor:8189 [system_monitor.py:_start():145] Starting system asset monitoring threads
2023-08-12 10:31:13,079 INFO    HandlerThread:8189 [system_monitor.py:probe():201] Collecting system info
2023-08-12 10:31:13,080 INFO    SystemMonitor:8189 [interfaces.py:start():190] Started cpu monitoring
2023-08-12 10:31:13,081 DEBUG   HandlerThread:8189 [system_info.py:probe():195] Probing system
2023-08-12 10:31:13,081 INFO    SystemMonitor:8189 [interfaces.py:start():190] Started disk monitoring
2023-08-12 10:31:13,083 INFO    SystemMonitor:8189 [interfaces.py:start():190] Started memory monitoring
2023-08-12 10:31:13,084 INFO    SystemMonitor:8189 [interfaces.py:start():190] Started network monitoring
2023-08-12 10:31:13,091 DEBUG   HandlerThread:8189 [system_info.py:_probe_git():180] Probing git
2023-08-12 10:31:13,119 DEBUG   HandlerThread:8189 [system_info.py:_probe_git():188] Probing git done
2023-08-12 10:31:13,120 DEBUG   HandlerThread:8189 [system_info.py:probe():240] Probing system done
2023-08-12 10:31:13,120 DEBUG   HandlerThread:8189 [system_monitor.py:probe():210] {'os': 'macOS-12.0.1-x86_64-i386-64bit', 'python': '3.9.17', 'heartbeatAt': '2023-08-12T05:01:13.081704', 'startedAt': '2023-08-12T05:00:43.667946', 'docker': None, 'cuda': None, 'args': ('--trainval_artifact', 'trainval_data.csv:latest', '--val_size', '0.2', '--random_seed', '42', '--stratify_by', 'neighbourhood_group', '--rf_config', '/Users/apple/Desktop/ranga_udacity/c3_project/nyc-rental-prices-predictions-ml-pipeline/outputs/2023-08-12/10-13-44/rf_config.json', '--max_tfidf_features', '30', '--output_artifact', 'random_forest_export'), 'state': 'running', 'program': '/Users/apple/Desktop/ranga_udacity/c3_project/nyc-rental-prices-predictions-ml-pipeline/src/train_random_forest/run.py', 'codePath': 'src/train_random_forest/run.py', 'git': {'remote': 'https://github.com/ChristopherCochet/nyc-rental-prices-predictions-ml-pipeline.git', 'commit': '47d6c36d081a255f7916793b029cb401ff47d23b'}, 'email': 'rangarajp1308@gmail.com', 'root': '/Users/apple/Desktop/ranga_udacity/c3_project/nyc-rental-prices-predictions-ml-pipeline', 'host': 'apples-MacBook-Air.local', 'username': 'apple', 'executable': '/Users/apple/opt/anaconda3/envs/mlflow-4bb4b58028a24f6a3ae5ae6ea21e54b675e45053/bin/python', 'cpu_count': 2, 'cpu_count_logical': 4, 'cpu_freq': {'current': 1600, 'min': 1600, 'max': 1600}, 'cpu_freq_per_core': [{'current': 1600, 'min': 1600, 'max': 1600}], 'disk': {'total': 112.80464935302734, 'used': 23.700984954833984}, 'memory': {'total': 4.0}}
2023-08-12 10:31:13,121 INFO    HandlerThread:8189 [system_monitor.py:probe():211] Finished collecting system info
2023-08-12 10:31:13,121 INFO    HandlerThread:8189 [system_monitor.py:probe():214] Publishing system info
2023-08-12 10:31:13,121 DEBUG   HandlerThread:8189 [system_info.py:_save_pip():51] Saving list of pip packages installed into the current environment
2023-08-12 10:31:13,122 DEBUG   HandlerThread:8189 [system_info.py:_save_pip():67] Saving pip packages done
2023-08-12 10:31:13,122 DEBUG   HandlerThread:8189 [system_info.py:_save_conda():74] Saving list of conda packages installed into the current environment
2023-08-12 10:31:13,835 INFO    Thread-12 :8189 [dir_watcher.py:_on_file_created():271] file/dir created: /Users/apple/Desktop/ranga_udacity/c3_project/nyc-rental-prices-predictions-ml-pipeline/src/train_random_forest/wandb/run-20230812_103043-72oax9tf/files/wandb-summary.json
2023-08-12 10:31:13,836 INFO    Thread-12 :8189 [dir_watcher.py:_on_file_created():271] file/dir created: /Users/apple/Desktop/ranga_udacity/c3_project/nyc-rental-prices-predictions-ml-pipeline/src/train_random_forest/wandb/run-20230812_103043-72oax9tf/files/requirements.txt
2023-08-12 10:31:13,836 INFO    Thread-12 :8189 [dir_watcher.py:_on_file_created():271] file/dir created: /Users/apple/Desktop/ranga_udacity/c3_project/nyc-rental-prices-predictions-ml-pipeline/src/train_random_forest/wandb/run-20230812_103043-72oax9tf/files/conda-environment.yaml
2023-08-12 10:31:18,362 DEBUG   HandlerThread:8189 [system_info.py:_save_conda():86] Saving conda packages done
2023-08-12 10:31:18,363 INFO    HandlerThread:8189 [system_monitor.py:probe():216] Finished publishing system info
2023-08-12 10:31:18,375 DEBUG   HandlerThread:8189 [handler.py:handle_request():144] handle_request: status_report
2023-08-12 10:31:18,375 DEBUG   HandlerThread:8189 [handler.py:handle_request():144] handle_request: keepalive
2023-08-12 10:31:18,376 DEBUG   SenderThread:8189 [sender.py:send():379] send: files
2023-08-12 10:31:18,376 INFO    SenderThread:8189 [sender.py:_save_file():1375] saving file wandb-metadata.json with policy now
2023-08-12 10:31:18,391 DEBUG   HandlerThread:8189 [handler.py:handle_request():144] handle_request: stop_status
2023-08-12 10:31:18,394 DEBUG   SenderThread:8189 [sender.py:send_request():406] send_request: stop_status
2023-08-12 10:31:18,851 INFO    Thread-12 :8189 [dir_watcher.py:_on_file_modified():288] file/dir modified: /Users/apple/Desktop/ranga_udacity/c3_project/nyc-rental-prices-predictions-ml-pipeline/src/train_random_forest/wandb/run-20230812_103043-72oax9tf/files/conda-environment.yaml
2023-08-12 10:31:18,851 INFO    Thread-12 :8189 [dir_watcher.py:_on_file_created():271] file/dir created: /Users/apple/Desktop/ranga_udacity/c3_project/nyc-rental-prices-predictions-ml-pipeline/src/train_random_forest/wandb/run-20230812_103043-72oax9tf/files/wandb-metadata.json
2023-08-12 10:31:23,403 DEBUG   HandlerThread:8189 [handler.py:handle_request():144] handle_request: keepalive
2023-08-12 10:31:28,413 DEBUG   HandlerThread:8189 [handler.py:handle_request():144] handle_request: keepalive
2023-08-12 10:31:33,424 DEBUG   HandlerThread:8189 [handler.py:handle_request():144] handle_request: keepalive
2023-08-12 10:31:38,436 DEBUG   HandlerThread:8189 [handler.py:handle_request():144] handle_request: keepalive
2023-08-12 10:31:39,748 INFO    SenderThread:8189 [retry.py:__call__():172] Retry attempt failed:
Traceback (most recent call last):
  File "/Users/apple/opt/anaconda3/envs/mlflow-4bb4b58028a24f6a3ae5ae6ea21e54b675e45053/lib/python3.9/site-packages/urllib3/connectionpool.py", line 536, in _make_request
    response = conn.getresponse()
  File "/Users/apple/opt/anaconda3/envs/mlflow-4bb4b58028a24f6a3ae5ae6ea21e54b675e45053/lib/python3.9/site-packages/urllib3/connection.py", line 461, in getresponse
    httplib_response = super().getresponse()
  File "/Users/apple/opt/anaconda3/envs/mlflow-4bb4b58028a24f6a3ae5ae6ea21e54b675e45053/lib/python3.9/http/client.py", line 1377, in getresponse
    response.begin()
  File "/Users/apple/opt/anaconda3/envs/mlflow-4bb4b58028a24f6a3ae5ae6ea21e54b675e45053/lib/python3.9/http/client.py", line 320, in begin
    version, status, reason = self._read_status()
  File "/Users/apple/opt/anaconda3/envs/mlflow-4bb4b58028a24f6a3ae5ae6ea21e54b675e45053/lib/python3.9/http/client.py", line 281, in _read_status
    line = str(self.fp.readline(_MAXLINE + 1), "iso-8859-1")
  File "/Users/apple/opt/anaconda3/envs/mlflow-4bb4b58028a24f6a3ae5ae6ea21e54b675e45053/lib/python3.9/socket.py", line 704, in readinto
    return self._sock.recv_into(b)
  File "/Users/apple/opt/anaconda3/envs/mlflow-4bb4b58028a24f6a3ae5ae6ea21e54b675e45053/lib/python3.9/ssl.py", line 1242, in recv_into
    return self.read(nbytes, buffer)
  File "/Users/apple/opt/anaconda3/envs/mlflow-4bb4b58028a24f6a3ae5ae6ea21e54b675e45053/lib/python3.9/ssl.py", line 1100, in read
    return self._sslobj.read(len, buffer)
socket.timeout: The read operation timed out

The above exception was the direct cause of the following exception:

Traceback (most recent call last):
  File "/Users/apple/opt/anaconda3/envs/mlflow-4bb4b58028a24f6a3ae5ae6ea21e54b675e45053/lib/python3.9/site-packages/requests/adapters.py", line 486, in send
    resp = conn.urlopen(
  File "/Users/apple/opt/anaconda3/envs/mlflow-4bb4b58028a24f6a3ae5ae6ea21e54b675e45053/lib/python3.9/site-packages/urllib3/connectionpool.py", line 844, in urlopen
    retries = retries.increment(
  File "/Users/apple/opt/anaconda3/envs/mlflow-4bb4b58028a24f6a3ae5ae6ea21e54b675e45053/lib/python3.9/site-packages/urllib3/util/retry.py", line 470, in increment
    raise reraise(type(error), error, _stacktrace)
  File "/Users/apple/opt/anaconda3/envs/mlflow-4bb4b58028a24f6a3ae5ae6ea21e54b675e45053/lib/python3.9/site-packages/urllib3/util/util.py", line 39, in reraise
    raise value
  File "/Users/apple/opt/anaconda3/envs/mlflow-4bb4b58028a24f6a3ae5ae6ea21e54b675e45053/lib/python3.9/site-packages/urllib3/connectionpool.py", line 790, in urlopen
    response = self._make_request(
  File "/Users/apple/opt/anaconda3/envs/mlflow-4bb4b58028a24f6a3ae5ae6ea21e54b675e45053/lib/python3.9/site-packages/urllib3/connectionpool.py", line 538, in _make_request
    self._raise_timeout(err=e, url=url, timeout_value=read_timeout)
  File "/Users/apple/opt/anaconda3/envs/mlflow-4bb4b58028a24f6a3ae5ae6ea21e54b675e45053/lib/python3.9/site-packages/urllib3/connectionpool.py", line 370, in _raise_timeout
    raise ReadTimeoutError(
urllib3.exceptions.ReadTimeoutError: HTTPSConnectionPool(host='api.wandb.ai', port=443): Read timed out. (read timeout=10)

During handling of the above exception, another exception occurred:

Traceback (most recent call last):
  File "/Users/apple/opt/anaconda3/envs/mlflow-4bb4b58028a24f6a3ae5ae6ea21e54b675e45053/lib/python3.9/site-packages/wandb/sdk/lib/retry.py", line 131, in __call__
    result = self._call_fn(*args, **kwargs)
  File "/Users/apple/opt/anaconda3/envs/mlflow-4bb4b58028a24f6a3ae5ae6ea21e54b675e45053/lib/python3.9/site-packages/wandb/sdk/internal/internal_api.py", line 323, in execute
    return self.client.execute(*args, **kwargs)  # type: ignore
  File "/Users/apple/opt/anaconda3/envs/mlflow-4bb4b58028a24f6a3ae5ae6ea21e54b675e45053/lib/python3.9/site-packages/wandb/vendor/gql-0.2.0/wandb_gql/client.py", line 52, in execute
    result = self._get_result(document, *args, **kwargs)
  File "/Users/apple/opt/anaconda3/envs/mlflow-4bb4b58028a24f6a3ae5ae6ea21e54b675e45053/lib/python3.9/site-packages/wandb/vendor/gql-0.2.0/wandb_gql/client.py", line 60, in _get_result
    return self.transport.execute(document, *args, **kwargs)
  File "/Users/apple/opt/anaconda3/envs/mlflow-4bb4b58028a24f6a3ae5ae6ea21e54b675e45053/lib/python3.9/site-packages/wandb/sdk/lib/gql_request.py", line 55, in execute
    request = self.session.post(self.url, **post_args)
  File "/Users/apple/opt/anaconda3/envs/mlflow-4bb4b58028a24f6a3ae5ae6ea21e54b675e45053/lib/python3.9/site-packages/requests/sessions.py", line 637, in post
    return self.request("POST", url, data=data, json=json, **kwargs)
  File "/Users/apple/opt/anaconda3/envs/mlflow-4bb4b58028a24f6a3ae5ae6ea21e54b675e45053/lib/python3.9/site-packages/requests/sessions.py", line 589, in request
    resp = self.send(prep, **send_kwargs)
  File "/Users/apple/opt/anaconda3/envs/mlflow-4bb4b58028a24f6a3ae5ae6ea21e54b675e45053/lib/python3.9/site-packages/requests/sessions.py", line 703, in send
    r = adapter.send(request, **kwargs)
  File "/Users/apple/opt/anaconda3/envs/mlflow-4bb4b58028a24f6a3ae5ae6ea21e54b675e45053/lib/python3.9/site-packages/requests/adapters.py", line 532, in send
    raise ReadTimeout(e, request=request)
requests.exceptions.ReadTimeout: HTTPSConnectionPool(host='api.wandb.ai', port=443): Read timed out. (read timeout=10)
2023-08-12 10:31:40,812 INFO    wandb-upload_0:8189 [retry.py:__call__():172] Retry attempt failed:
Traceback (most recent call last):
  File "/Users/apple/opt/anaconda3/envs/mlflow-4bb4b58028a24f6a3ae5ae6ea21e54b675e45053/lib/python3.9/site-packages/urllib3/connectionpool.py", line 536, in _make_request
    response = conn.getresponse()
  File "/Users/apple/opt/anaconda3/envs/mlflow-4bb4b58028a24f6a3ae5ae6ea21e54b675e45053/lib/python3.9/site-packages/urllib3/connection.py", line 461, in getresponse
    httplib_response = super().getresponse()
  File "/Users/apple/opt/anaconda3/envs/mlflow-4bb4b58028a24f6a3ae5ae6ea21e54b675e45053/lib/python3.9/http/client.py", line 1377, in getresponse
    response.begin()
  File "/Users/apple/opt/anaconda3/envs/mlflow-4bb4b58028a24f6a3ae5ae6ea21e54b675e45053/lib/python3.9/http/client.py", line 320, in begin
    version, status, reason = self._read_status()
  File "/Users/apple/opt/anaconda3/envs/mlflow-4bb4b58028a24f6a3ae5ae6ea21e54b675e45053/lib/python3.9/http/client.py", line 281, in _read_status
    line = str(self.fp.readline(_MAXLINE + 1), "iso-8859-1")
  File "/Users/apple/opt/anaconda3/envs/mlflow-4bb4b58028a24f6a3ae5ae6ea21e54b675e45053/lib/python3.9/socket.py", line 704, in readinto
    return self._sock.recv_into(b)
  File "/Users/apple/opt/anaconda3/envs/mlflow-4bb4b58028a24f6a3ae5ae6ea21e54b675e45053/lib/python3.9/ssl.py", line 1242, in recv_into
    return self.read(nbytes, buffer)
  File "/Users/apple/opt/anaconda3/envs/mlflow-4bb4b58028a24f6a3ae5ae6ea21e54b675e45053/lib/python3.9/ssl.py", line 1100, in read
    return self._sslobj.read(len, buffer)
socket.timeout: The read operation timed out

The above exception was the direct cause of the following exception:

Traceback (most recent call last):
  File "/Users/apple/opt/anaconda3/envs/mlflow-4bb4b58028a24f6a3ae5ae6ea21e54b675e45053/lib/python3.9/site-packages/requests/adapters.py", line 486, in send
    resp = conn.urlopen(
  File "/Users/apple/opt/anaconda3/envs/mlflow-4bb4b58028a24f6a3ae5ae6ea21e54b675e45053/lib/python3.9/site-packages/urllib3/connectionpool.py", line 844, in urlopen
    retries = retries.increment(
  File "/Users/apple/opt/anaconda3/envs/mlflow-4bb4b58028a24f6a3ae5ae6ea21e54b675e45053/lib/python3.9/site-packages/urllib3/util/retry.py", line 470, in increment
    raise reraise(type(error), error, _stacktrace)
  File "/Users/apple/opt/anaconda3/envs/mlflow-4bb4b58028a24f6a3ae5ae6ea21e54b675e45053/lib/python3.9/site-packages/urllib3/util/util.py", line 39, in reraise
    raise value
  File "/Users/apple/opt/anaconda3/envs/mlflow-4bb4b58028a24f6a3ae5ae6ea21e54b675e45053/lib/python3.9/site-packages/urllib3/connectionpool.py", line 790, in urlopen
    response = self._make_request(
  File "/Users/apple/opt/anaconda3/envs/mlflow-4bb4b58028a24f6a3ae5ae6ea21e54b675e45053/lib/python3.9/site-packages/urllib3/connectionpool.py", line 538, in _make_request
    self._raise_timeout(err=e, url=url, timeout_value=read_timeout)
  File "/Users/apple/opt/anaconda3/envs/mlflow-4bb4b58028a24f6a3ae5ae6ea21e54b675e45053/lib/python3.9/site-packages/urllib3/connectionpool.py", line 370, in _raise_timeout
    raise ReadTimeoutError(
urllib3.exceptions.ReadTimeoutError: HTTPSConnectionPool(host='api.wandb.ai', port=443): Read timed out. (read timeout=10)

During handling of the above exception, another exception occurred:

Traceback (most recent call last):
  File "/Users/apple/opt/anaconda3/envs/mlflow-4bb4b58028a24f6a3ae5ae6ea21e54b675e45053/lib/python3.9/site-packages/wandb/sdk/lib/retry.py", line 131, in __call__
    result = self._call_fn(*args, **kwargs)
  File "/Users/apple/opt/anaconda3/envs/mlflow-4bb4b58028a24f6a3ae5ae6ea21e54b675e45053/lib/python3.9/site-packages/wandb/sdk/internal/internal_api.py", line 323, in execute
    return self.client.execute(*args, **kwargs)  # type: ignore
  File "/Users/apple/opt/anaconda3/envs/mlflow-4bb4b58028a24f6a3ae5ae6ea21e54b675e45053/lib/python3.9/site-packages/wandb/vendor/gql-0.2.0/wandb_gql/client.py", line 52, in execute
    result = self._get_result(document, *args, **kwargs)
  File "/Users/apple/opt/anaconda3/envs/mlflow-4bb4b58028a24f6a3ae5ae6ea21e54b675e45053/lib/python3.9/site-packages/wandb/vendor/gql-0.2.0/wandb_gql/client.py", line 60, in _get_result
    return self.transport.execute(document, *args, **kwargs)
  File "/Users/apple/opt/anaconda3/envs/mlflow-4bb4b58028a24f6a3ae5ae6ea21e54b675e45053/lib/python3.9/site-packages/wandb/sdk/lib/gql_request.py", line 55, in execute
    request = self.session.post(self.url, **post_args)
  File "/Users/apple/opt/anaconda3/envs/mlflow-4bb4b58028a24f6a3ae5ae6ea21e54b675e45053/lib/python3.9/site-packages/requests/sessions.py", line 637, in post
    return self.request("POST", url, data=data, json=json, **kwargs)
  File "/Users/apple/opt/anaconda3/envs/mlflow-4bb4b58028a24f6a3ae5ae6ea21e54b675e45053/lib/python3.9/site-packages/requests/sessions.py", line 589, in request
    resp = self.send(prep, **send_kwargs)
  File "/Users/apple/opt/anaconda3/envs/mlflow-4bb4b58028a24f6a3ae5ae6ea21e54b675e45053/lib/python3.9/site-packages/requests/sessions.py", line 703, in send
    r = adapter.send(request, **kwargs)
  File "/Users/apple/opt/anaconda3/envs/mlflow-4bb4b58028a24f6a3ae5ae6ea21e54b675e45053/lib/python3.9/site-packages/requests/adapters.py", line 532, in send
    raise ReadTimeout(e, request=request)
requests.exceptions.ReadTimeout: HTTPSConnectionPool(host='api.wandb.ai', port=443): Read timed out. (read timeout=10)
2023-08-12 10:31:43,450 DEBUG   HandlerThread:8189 [handler.py:handle_request():144] handle_request: keepalive
2023-08-12 10:31:48,456 DEBUG   HandlerThread:8189 [handler.py:handle_request():144] handle_request: keepalive
2023-08-12 10:31:53,475 DEBUG   HandlerThread:8189 [handler.py:handle_request():144] handle_request: keepalive
2023-08-12 10:31:58,492 DEBUG   HandlerThread:8189 [handler.py:handle_request():144] handle_request: keepalive
2023-08-12 10:32:03,493 DEBUG   HandlerThread:8189 [handler.py:handle_request():144] handle_request: keepalive
2023-08-12 10:32:08,506 DEBUG   HandlerThread:8189 [handler.py:handle_request():144] handle_request: keepalive
2023-08-12 10:32:13,085 DEBUG   SystemMonitor:8189 [system_monitor.py:_start():159] Starting system metrics aggregation loop
2023-08-12 10:32:13,521 DEBUG   HandlerThread:8189 [handler.py:handle_request():144] handle_request: keepalive
2023-08-12 10:32:18,524 DEBUG   HandlerThread:8189 [handler.py:handle_request():144] handle_request: keepalive
2023-08-12 10:32:23,541 DEBUG   HandlerThread:8189 [handler.py:handle_request():144] handle_request: keepalive
2023-08-12 10:32:28,563 DEBUG   HandlerThread:8189 [handler.py:handle_request():144] handle_request: keepalive
2023-08-12 10:32:33,581 DEBUG   HandlerThread:8189 [handler.py:handle_request():144] handle_request: keepalive
2023-08-12 10:32:38,591 DEBUG   HandlerThread:8189 [handler.py:handle_request():144] handle_request: keepalive
2023-08-12 10:32:40,175 WARNING FileStreamThread:8189 [file_stream.py:request_with_retry():666] requests_with_retry encountered retryable exception: 500 Server Error: Internal Server Error for url: https://api.wandb.ai/files/rangarajp1308/nyc_airbnb/72oax9tf/file_stream. func: functools.partial(<bound method Session.post of <requests.sessions.Session object at 0x10c60ecd0>>, timeout=60.0), args: ('https://api.wandb.ai/files/rangarajp1308/nyc_airbnb/72oax9tf/file_stream',), kwargs: {'json': {'complete': False, 'failed': False, 'dropped': 0, 'uploaded': []}}
2023-08-12 10:32:43,617 DEBUG   HandlerThread:8189 [handler.py:handle_request():144] handle_request: keepalive
2023-08-12 10:32:48,629 DEBUG   HandlerThread:8189 [handler.py:handle_request():144] handle_request: keepalive
2023-08-12 10:32:53,643 DEBUG   HandlerThread:8189 [handler.py:handle_request():144] handle_request: keepalive
2023-08-12 10:32:58,663 DEBUG   HandlerThread:8189 [handler.py:handle_request():144] handle_request: keepalive
2023-08-12 10:33:03,684 DEBUG   HandlerThread:8189 [handler.py:handle_request():144] handle_request: keepalive
2023-08-12 10:33:08,700 DEBUG   HandlerThread:8189 [handler.py:handle_request():144] handle_request: keepalive
2023-08-12 10:33:13,720 DEBUG   HandlerThread:8189 [handler.py:handle_request():144] handle_request: keepalive
2023-08-12 10:33:18,742 DEBUG   HandlerThread:8189 [handler.py:handle_request():144] handle_request: keepalive
2023-08-12 10:33:23,748 DEBUG   HandlerThread:8189 [handler.py:handle_request():144] handle_request: keepalive
2023-08-12 10:33:28,755 DEBUG   HandlerThread:8189 [handler.py:handle_request():144] handle_request: keepalive
2023-08-12 10:33:33,761 DEBUG   HandlerThread:8189 [handler.py:handle_request():144] handle_request: keepalive
2023-08-12 10:33:37,802 WARNING FileStreamThread:8189 [file_stream.py:request_with_retry():666] requests_with_retry encountered retryable exception: 500 Server Error: Internal Server Error for url: https://api.wandb.ai/files/rangarajp1308/nyc_airbnb/72oax9tf/file_stream. func: functools.partial(<bound method Session.post of <requests.sessions.Session object at 0x10c60ecd0>>, timeout=60.0), args: ('https://api.wandb.ai/files/rangarajp1308/nyc_airbnb/72oax9tf/file_stream',), kwargs: {'json': {'complete': False, 'failed': False, 'dropped': 0, 'uploaded': []}}
2023-08-12 10:33:38,778 DEBUG   HandlerThread:8189 [handler.py:handle_request():144] handle_request: keepalive
2023-08-12 10:33:43,786 DEBUG   HandlerThread:8189 [handler.py:handle_request():144] handle_request: keepalive
2023-08-12 10:33:48,846 DEBUG   HandlerThread:8189 [handler.py:handle_request():144] handle_request: keepalive
2023-08-12 10:33:53,859 DEBUG   HandlerThread:8189 [handler.py:handle_request():144] handle_request: keepalive
2023-08-12 10:33:58,879 DEBUG   HandlerThread:8189 [handler.py:handle_request():144] handle_request: keepalive
2023-08-12 10:34:03,885 DEBUG   HandlerThread:8189 [handler.py:handle_request():144] handle_request: keepalive
2023-08-12 10:34:08,908 DEBUG   HandlerThread:8189 [handler.py:handle_request():144] handle_request: keepalive
2023-08-12 10:34:14,158 DEBUG   HandlerThread:8189 [handler.py:handle_request():144] handle_request: keepalive
2023-08-12 10:34:19,176 DEBUG   HandlerThread:8189 [handler.py:handle_request():144] handle_request: keepalive
2023-08-12 10:34:24,194 DEBUG   HandlerThread:8189 [handler.py:handle_request():144] handle_request: keepalive
2023-08-12 10:34:29,206 DEBUG   HandlerThread:8189 [handler.py:handle_request():144] handle_request: keepalive
2023-08-12 10:34:34,226 DEBUG   HandlerThread:8189 [handler.py:handle_request():144] handle_request: keepalive
2023-08-12 10:34:39,244 DEBUG   HandlerThread:8189 [handler.py:handle_request():144] handle_request: keepalive
2023-08-12 10:34:44,262 DEBUG   HandlerThread:8189 [handler.py:handle_request():144] handle_request: keepalive
2023-08-12 10:34:49,282 DEBUG   HandlerThread:8189 [handler.py:handle_request():144] handle_request: keepalive
2023-08-12 10:34:54,294 DEBUG   HandlerThread:8189 [handler.py:handle_request():144] handle_request: keepalive
2023-08-12 10:34:55,726 INFO    wandb-upload_0:8189 [upload_job.py:push():131] Uploaded file /var/folders/sl/vgy0ldjj0_331w5nbqlrzf5m0000gn/T/tmpa8tmwuonwandb/jqbkgj6c-wandb-metadata.json
2023-08-12 10:34:59,308 DEBUG   HandlerThread:8189 [handler.py:handle_request():144] handle_request: keepalive
2023-08-12 10:35:04,312 DEBUG   HandlerThread:8189 [handler.py:handle_request():144] handle_request: keepalive
2023-08-12 10:35:09,319 DEBUG   HandlerThread:8189 [handler.py:handle_request():144] handle_request: keepalive
2023-08-12 10:35:14,339 DEBUG   HandlerThread:8189 [handler.py:handle_request():144] handle_request: keepalive
2023-08-12 10:35:19,350 DEBUG   HandlerThread:8189 [handler.py:handle_request():144] handle_request: keepalive
2023-08-12 10:35:24,361 DEBUG   HandlerThread:8189 [handler.py:handle_request():144] handle_request: keepalive
2023-08-12 10:35:29,378 DEBUG   HandlerThread:8189 [handler.py:handle_request():144] handle_request: keepalive
2023-08-12 10:35:34,406 DEBUG   HandlerThread:8189 [handler.py:handle_request():144] handle_request: keepalive
2023-08-12 10:35:39,419 DEBUG   HandlerThread:8189 [handler.py:handle_request():144] handle_request: keepalive
2023-08-12 10:35:44,438 DEBUG   HandlerThread:8189 [handler.py:handle_request():144] handle_request: keepalive
2023-08-12 10:35:49,442 DEBUG   HandlerThread:8189 [handler.py:handle_request():144] handle_request: keepalive
2023-08-12 10:35:54,458 DEBUG   HandlerThread:8189 [handler.py:handle_request():144] handle_request: keepalive
2023-08-12 10:35:59,470 DEBUG   HandlerThread:8189 [handler.py:handle_request():144] handle_request: keepalive
2023-08-12 10:36:04,487 DEBUG   HandlerThread:8189 [handler.py:handle_request():144] handle_request: keepalive
2023-08-12 10:36:09,509 DEBUG   HandlerThread:8189 [handler.py:handle_request():144] handle_request: keepalive
2023-08-12 10:36:14,522 DEBUG   HandlerThread:8189 [handler.py:handle_request():144] handle_request: keepalive
2023-08-12 10:36:19,537 DEBUG   HandlerThread:8189 [handler.py:handle_request():144] handle_request: keepalive
2023-08-12 10:36:24,548 DEBUG   HandlerThread:8189 [handler.py:handle_request():144] handle_request: keepalive
2023-08-12 10:36:29,562 DEBUG   HandlerThread:8189 [handler.py:handle_request():144] handle_request: keepalive
2023-08-12 10:36:34,576 DEBUG   HandlerThread:8189 [handler.py:handle_request():144] handle_request: keepalive
2023-08-12 10:36:39,594 DEBUG   HandlerThread:8189 [handler.py:handle_request():144] handle_request: keepalive
2023-08-12 10:36:44,609 DEBUG   HandlerThread:8189 [handler.py:handle_request():144] handle_request: keepalive
2023-08-12 10:36:49,622 DEBUG   HandlerThread:8189 [handler.py:handle_request():144] handle_request: keepalive
2023-08-12 10:36:54,636 DEBUG   HandlerThread:8189 [handler.py:handle_request():144] handle_request: keepalive
2023-08-12 10:36:59,644 DEBUG   HandlerThread:8189 [handler.py:handle_request():144] handle_request: keepalive
2023-08-12 10:37:04,667 DEBUG   HandlerThread:8189 [handler.py:handle_request():144] handle_request: keepalive
2023-08-12 10:37:09,687 DEBUG   HandlerThread:8189 [handler.py:handle_request():144] handle_request: keepalive
2023-08-12 10:37:13,105 DEBUG   SenderThread:8189 [sender.py:send():379] send: telemetry
2023-08-12 10:37:13,105 DEBUG   HandlerThread:8189 [handler.py:handle_request():144] handle_request: status_report
2023-08-12 10:37:13,106 DEBUG   SenderThread:8189 [sender.py:send():379] send: config
2023-08-12 10:37:13,107 DEBUG   SenderThread:8189 [sender.py:send():379] send: config
2023-08-12 10:37:13,110 DEBUG   SenderThread:8189 [sender.py:send():379] send: stats
2023-08-12 10:37:13,110 DEBUG   SenderThread:8189 [sender.py:send():379] send: stats
2023-08-12 10:37:13,112 DEBUG   SenderThread:8189 [sender.py:send():379] send: stats
2023-08-12 10:37:13,113 DEBUG   SenderThread:8189 [sender.py:send():379] send: stats
2023-08-12 10:37:13,114 DEBUG   SenderThread:8189 [sender.py:send():379] send: use_artifact
2023-08-12 10:37:13,114 DEBUG   SenderThread:8189 [sender.py:send():379] send: stats
2023-08-12 10:37:13,115 DEBUG   SenderThread:8189 [sender.py:send():379] send: stats
2023-08-12 10:37:13,116 DEBUG   SenderThread:8189 [sender.py:send():379] send: stats
2023-08-12 10:37:13,116 DEBUG   SenderThread:8189 [sender.py:send():379] send: stats
2023-08-12 10:37:13,117 DEBUG   SenderThread:8189 [sender.py:send():379] send: stats
2023-08-12 10:37:13,117 DEBUG   SenderThread:8189 [sender.py:send():379] send: stats
2023-08-12 10:37:13,138 DEBUG   SenderThread:8189 [sender.py:send():379] send: stats
2023-08-12 10:37:13,350 INFO    Thread-12 :8189 [dir_watcher.py:_on_file_created():271] file/dir created: /Users/apple/Desktop/ranga_udacity/c3_project/nyc-rental-prices-predictions-ml-pipeline/src/train_random_forest/wandb/run-20230812_103043-72oax9tf/files/output.log
2023-08-12 10:37:14,700 DEBUG   HandlerThread:8189 [handler.py:handle_request():144] handle_request: keepalive
2023-08-12 10:37:15,353 INFO    Thread-12 :8189 [dir_watcher.py:_on_file_modified():288] file/dir modified: /Users/apple/Desktop/ranga_udacity/c3_project/nyc-rental-prices-predictions-ml-pipeline/src/train_random_forest/wandb/run-20230812_103043-72oax9tf/files/output.log
2023-08-12 10:37:18,153 DEBUG   HandlerThread:8189 [handler.py:handle_request():144] handle_request: status_report
2023-08-12 10:37:19,722 DEBUG   HandlerThread:8189 [handler.py:handle_request():144] handle_request: keepalive
2023-08-12 10:37:23,172 DEBUG   HandlerThread:8189 [handler.py:handle_request():144] handle_request: status_report
2023-08-12 10:37:23,539 DEBUG   SenderThread:8189 [sender.py:send():379] send: exit
2023-08-12 10:37:23,540 INFO    SenderThread:8189 [sender.py:send_exit():584] handling exit code: 1
2023-08-12 10:37:23,540 INFO    SenderThread:8189 [sender.py:send_exit():586] handling runtime: 370
2023-08-12 10:37:23,543 INFO    SenderThread:8189 [sender.py:_save_file():1375] saving file wandb-summary.json with policy end
2023-08-12 10:37:23,544 INFO    SenderThread:8189 [sender.py:send_exit():592] send defer
2023-08-12 10:37:23,544 DEBUG   HandlerThread:8189 [handler.py:handle_request():144] handle_request: defer
2023-08-12 10:37:23,544 INFO    HandlerThread:8189 [handler.py:handle_request_defer():170] handle defer: 0
2023-08-12 10:37:23,545 DEBUG   SenderThread:8189 [sender.py:send_request():406] send_request: defer
2023-08-12 10:37:23,545 INFO    SenderThread:8189 [sender.py:send_request_defer():608] handle sender defer: 0
2023-08-12 10:37:23,545 INFO    SenderThread:8189 [sender.py:transition_state():612] send defer: 1
2023-08-12 10:37:23,546 DEBUG   HandlerThread:8189 [handler.py:handle_request():144] handle_request: defer
2023-08-12 10:37:23,547 INFO    HandlerThread:8189 [handler.py:handle_request_defer():170] handle defer: 1
2023-08-12 10:37:23,548 DEBUG   SenderThread:8189 [sender.py:send_request():406] send_request: defer
2023-08-12 10:37:23,548 INFO    SenderThread:8189 [sender.py:send_request_defer():608] handle sender defer: 1
2023-08-12 10:37:23,549 INFO    SenderThread:8189 [sender.py:transition_state():612] send defer: 2
2023-08-12 10:37:23,550 DEBUG   HandlerThread:8189 [handler.py:handle_request():144] handle_request: defer
2023-08-12 10:37:23,550 INFO    HandlerThread:8189 [handler.py:handle_request_defer():170] handle defer: 2
2023-08-12 10:37:23,550 INFO    HandlerThread:8189 [system_monitor.py:finish():190] Stopping system monitor
2023-08-12 10:37:23,551 DEBUG   SystemMonitor:8189 [system_monitor.py:_start():166] Finished system metrics aggregation loop
2023-08-12 10:37:23,551 DEBUG   SystemMonitor:8189 [system_monitor.py:_start():170] Publishing last batch of metrics
2023-08-12 10:37:23,555 INFO    HandlerThread:8189 [interfaces.py:finish():202] Joined cpu monitor
2023-08-12 10:37:23,556 INFO    HandlerThread:8189 [interfaces.py:finish():202] Joined disk monitor
2023-08-12 10:37:23,557 INFO    HandlerThread:8189 [interfaces.py:finish():202] Joined memory monitor
2023-08-12 10:37:23,558 INFO    HandlerThread:8189 [interfaces.py:finish():202] Joined network monitor
2023-08-12 10:37:23,561 DEBUG   SenderThread:8189 [sender.py:send_request():406] send_request: defer
2023-08-12 10:37:23,561 INFO    SenderThread:8189 [sender.py:send_request_defer():608] handle sender defer: 2
2023-08-12 10:37:23,561 INFO    SenderThread:8189 [sender.py:transition_state():612] send defer: 3
2023-08-12 10:37:23,561 DEBUG   SenderThread:8189 [sender.py:send():379] send: stats
2023-08-12 10:37:23,562 DEBUG   HandlerThread:8189 [handler.py:handle_request():144] handle_request: defer
2023-08-12 10:37:23,562 INFO    HandlerThread:8189 [handler.py:handle_request_defer():170] handle defer: 3
2023-08-12 10:37:23,563 DEBUG   SenderThread:8189 [sender.py:send_request():406] send_request: defer
2023-08-12 10:37:23,563 INFO    SenderThread:8189 [sender.py:send_request_defer():608] handle sender defer: 3
2023-08-12 10:37:23,563 INFO    SenderThread:8189 [sender.py:transition_state():612] send defer: 4
2023-08-12 10:37:23,563 DEBUG   HandlerThread:8189 [handler.py:handle_request():144] handle_request: defer
2023-08-12 10:37:23,563 INFO    HandlerThread:8189 [handler.py:handle_request_defer():170] handle defer: 4
2023-08-12 10:37:23,564 DEBUG   SenderThread:8189 [sender.py:send_request():406] send_request: defer
2023-08-12 10:37:23,564 INFO    SenderThread:8189 [sender.py:send_request_defer():608] handle sender defer: 4
2023-08-12 10:37:23,564 INFO    SenderThread:8189 [sender.py:transition_state():612] send defer: 5
2023-08-12 10:37:23,564 DEBUG   HandlerThread:8189 [handler.py:handle_request():144] handle_request: defer
2023-08-12 10:37:23,564 INFO    HandlerThread:8189 [handler.py:handle_request_defer():170] handle defer: 5
2023-08-12 10:37:23,565 DEBUG   SenderThread:8189 [sender.py:send():379] send: summary
2023-08-12 10:37:23,566 INFO    SenderThread:8189 [sender.py:_save_file():1375] saving file wandb-summary.json with policy end
2023-08-12 10:37:23,566 DEBUG   SenderThread:8189 [sender.py:send_request():406] send_request: defer
2023-08-12 10:37:23,566 INFO    SenderThread:8189 [sender.py:send_request_defer():608] handle sender defer: 5
2023-08-12 10:37:23,566 INFO    SenderThread:8189 [sender.py:transition_state():612] send defer: 6
2023-08-12 10:37:23,567 DEBUG   HandlerThread:8189 [handler.py:handle_request():144] handle_request: defer
2023-08-12 10:37:23,567 INFO    HandlerThread:8189 [handler.py:handle_request_defer():170] handle defer: 6
2023-08-12 10:37:23,571 DEBUG   SenderThread:8189 [sender.py:send_request():406] send_request: defer
2023-08-12 10:37:23,571 INFO    SenderThread:8189 [sender.py:send_request_defer():608] handle sender defer: 6
2023-08-12 10:37:23,579 DEBUG   HandlerThread:8189 [handler.py:handle_request():144] handle_request: status_report
2023-08-12 10:37:24,025 INFO    SenderThread:8189 [sender.py:transition_state():612] send defer: 7
2023-08-12 10:37:24,025 DEBUG   HandlerThread:8189 [handler.py:handle_request():144] handle_request: defer
2023-08-12 10:37:24,025 INFO    HandlerThread:8189 [handler.py:handle_request_defer():170] handle defer: 7
2023-08-12 10:37:24,026 DEBUG   SenderThread:8189 [sender.py:send_request():406] send_request: defer
2023-08-12 10:37:24,026 INFO    SenderThread:8189 [sender.py:send_request_defer():608] handle sender defer: 7
2023-08-12 10:37:24,380 INFO    Thread-12 :8189 [dir_watcher.py:_on_file_modified():288] file/dir modified: /Users/apple/Desktop/ranga_udacity/c3_project/nyc-rental-prices-predictions-ml-pipeline/src/train_random_forest/wandb/run-20230812_103043-72oax9tf/files/wandb-summary.json
2023-08-12 10:37:24,380 INFO    Thread-12 :8189 [dir_watcher.py:_on_file_modified():288] file/dir modified: /Users/apple/Desktop/ranga_udacity/c3_project/nyc-rental-prices-predictions-ml-pipeline/src/train_random_forest/wandb/run-20230812_103043-72oax9tf/files/config.yaml
2023-08-12 10:37:24,538 DEBUG   HandlerThread:8189 [handler.py:handle_request():144] handle_request: poll_exit
2023-08-12 10:37:25,148 INFO    SenderThread:8189 [sender.py:transition_state():612] send defer: 8
2023-08-12 10:37:25,149 DEBUG   SenderThread:8189 [sender.py:send_request():406] send_request: poll_exit
2023-08-12 10:37:25,149 DEBUG   HandlerThread:8189 [handler.py:handle_request():144] handle_request: defer
2023-08-12 10:37:25,150 INFO    HandlerThread:8189 [handler.py:handle_request_defer():170] handle defer: 8
2023-08-12 10:37:25,150 DEBUG   SenderThread:8189 [sender.py:send_request():406] send_request: defer
2023-08-12 10:37:25,151 INFO    SenderThread:8189 [sender.py:send_request_defer():608] handle sender defer: 8
2023-08-12 10:37:25,151 INFO    SenderThread:8189 [job_builder.py:build():281] Attempting to build job artifact
2023-08-12 10:37:25,154 INFO    SenderThread:8189 [job_builder.py:_get_source_type():400] is repo sourced job
2023-08-12 10:37:25,157 INFO    SenderThread:8189 [job_builder.py:build():374] adding wandb-job metadata file
2023-08-12 10:37:25,174 INFO    SenderThread:8189 [sender.py:transition_state():612] send defer: 9
2023-08-12 10:37:25,176 DEBUG   SenderThread:8189 [sender.py:send():379] send: artifact
2023-08-12 10:37:25,177 DEBUG   HandlerThread:8189 [handler.py:handle_request():144] handle_request: defer
2023-08-12 10:37:25,180 INFO    HandlerThread:8189 [handler.py:handle_request_defer():170] handle defer: 9
2023-08-12 10:37:25,383 INFO    Thread-12 :8189 [dir_watcher.py:_on_file_modified():288] file/dir modified: /Users/apple/Desktop/ranga_udacity/c3_project/nyc-rental-prices-predictions-ml-pipeline/src/train_random_forest/wandb/run-20230812_103043-72oax9tf/files/output.log
2023-08-12 10:37:25,539 DEBUG   HandlerThread:8189 [handler.py:handle_request():144] handle_request: poll_exit
2023-08-12 10:37:27,507 INFO    wandb-upload_1:8189 [upload_job.py:push():86] Skipped uploading /Users/apple/Library/Application Support/wandb/artifacts/staging/tmpqgr62pz0
2023-08-12 10:37:28,435 INFO    wandb-upload_0:8189 [upload_job.py:push():89] Uploaded file /Users/apple/Library/Application Support/wandb/artifacts/staging/tmpx_mtglpp
2023-08-12 10:37:30,543 DEBUG   HandlerThread:8189 [handler.py:handle_request():144] handle_request: keepalive
2023-08-12 10:37:31,072 INFO    SenderThread:8189 [sender.py:send_artifact():1475] sent artifact job-https___github.com_ChristopherCochet_nyc-rental-prices-predictions-ml-pipeline.git_src_train_random_forest_run.py - {'id': 'QXJ0aWZhY3Q6NTM5OTIwOTE2', 'digest': '8e4c792498c60ffd27a3a3614dee2261', 'state': 'PENDING', 'aliases': [], 'artifactSequence': {'id': 'QXJ0aWZhY3RDb2xsZWN0aW9uOjg5OTA2NDU3', 'latestArtifact': {'id': 'QXJ0aWZhY3Q6NTM5OTA1NjY3', 'versionIndex': 0}}, 'version': 'latest'}
2023-08-12 10:37:31,072 DEBUG   SenderThread:8189 [sender.py:send_request():406] send_request: defer
2023-08-12 10:37:31,072 INFO    SenderThread:8189 [sender.py:send_request_defer():608] handle sender defer: 9
2023-08-12 10:37:31,073 INFO    SenderThread:8189 [dir_watcher.py:finish():358] shutting down directory watcher
2023-08-12 10:37:31,073 DEBUG   HandlerThread:8189 [handler.py:handle_request():144] handle_request: status_report
2023-08-12 10:37:31,397 INFO    SenderThread:8189 [dir_watcher.py:finish():388] scan: /Users/apple/Desktop/ranga_udacity/c3_project/nyc-rental-prices-predictions-ml-pipeline/src/train_random_forest/wandb/run-20230812_103043-72oax9tf/files
2023-08-12 10:37:31,398 INFO    SenderThread:8189 [dir_watcher.py:finish():402] scan save: /Users/apple/Desktop/ranga_udacity/c3_project/nyc-rental-prices-predictions-ml-pipeline/src/train_random_forest/wandb/run-20230812_103043-72oax9tf/files/requirements.txt requirements.txt
2023-08-12 10:37:31,398 INFO    SenderThread:8189 [dir_watcher.py:finish():402] scan save: /Users/apple/Desktop/ranga_udacity/c3_project/nyc-rental-prices-predictions-ml-pipeline/src/train_random_forest/wandb/run-20230812_103043-72oax9tf/files/output.log output.log
2023-08-12 10:37:31,404 INFO    SenderThread:8189 [dir_watcher.py:finish():402] scan save: /Users/apple/Desktop/ranga_udacity/c3_project/nyc-rental-prices-predictions-ml-pipeline/src/train_random_forest/wandb/run-20230812_103043-72oax9tf/files/config.yaml config.yaml
2023-08-12 10:37:31,408 INFO    SenderThread:8189 [dir_watcher.py:finish():402] scan save: /Users/apple/Desktop/ranga_udacity/c3_project/nyc-rental-prices-predictions-ml-pipeline/src/train_random_forest/wandb/run-20230812_103043-72oax9tf/files/wandb-summary.json wandb-summary.json
2023-08-12 10:37:31,412 INFO    SenderThread:8189 [dir_watcher.py:finish():402] scan save: /Users/apple/Desktop/ranga_udacity/c3_project/nyc-rental-prices-predictions-ml-pipeline/src/train_random_forest/wandb/run-20230812_103043-72oax9tf/files/conda-environment.yaml conda-environment.yaml
2023-08-12 10:37:31,416 INFO    SenderThread:8189 [dir_watcher.py:finish():402] scan save: /Users/apple/Desktop/ranga_udacity/c3_project/nyc-rental-prices-predictions-ml-pipeline/src/train_random_forest/wandb/run-20230812_103043-72oax9tf/files/wandb-metadata.json wandb-metadata.json
2023-08-12 10:37:31,417 INFO    SenderThread:8189 [sender.py:transition_state():612] send defer: 10
2023-08-12 10:37:31,418 DEBUG   SenderThread:8189 [sender.py:send_request():406] send_request: poll_exit
2023-08-12 10:37:31,420 DEBUG   HandlerThread:8189 [handler.py:handle_request():144] handle_request: defer
2023-08-12 10:37:31,421 INFO    HandlerThread:8189 [handler.py:handle_request_defer():170] handle defer: 10
2023-08-12 10:37:31,422 DEBUG   SenderThread:8189 [sender.py:send_request():406] send_request: defer
2023-08-12 10:37:31,423 INFO    SenderThread:8189 [sender.py:send_request_defer():608] handle sender defer: 10
2023-08-12 10:37:31,423 INFO    SenderThread:8189 [file_pusher.py:finish():159] shutting down file pusher
2023-08-12 10:37:32,025 INFO    wandb-upload_1:8189 [upload_job.py:push():131] Uploaded file /Users/apple/Desktop/ranga_udacity/c3_project/nyc-rental-prices-predictions-ml-pipeline/src/train_random_forest/wandb/run-20230812_103043-72oax9tf/files/requirements.txt
2023-08-12 10:37:32,144 INFO    wandb-upload_0:8189 [upload_job.py:push():131] Uploaded file /Users/apple/Desktop/ranga_udacity/c3_project/nyc-rental-prices-predictions-ml-pipeline/src/train_random_forest/wandb/run-20230812_103043-72oax9tf/files/output.log
2023-08-12 10:37:32,233 INFO    wandb-upload_3:8189 [upload_job.py:push():131] Uploaded file /Users/apple/Desktop/ranga_udacity/c3_project/nyc-rental-prices-predictions-ml-pipeline/src/train_random_forest/wandb/run-20230812_103043-72oax9tf/files/wandb-summary.json
2023-08-12 10:37:32,260 INFO    wandb-upload_2:8189 [upload_job.py:push():131] Uploaded file /Users/apple/Desktop/ranga_udacity/c3_project/nyc-rental-prices-predictions-ml-pipeline/src/train_random_forest/wandb/run-20230812_103043-72oax9tf/files/config.yaml
2023-08-12 10:37:33,183 INFO    wandb-upload_4:8189 [upload_job.py:push():131] Uploaded file /Users/apple/Desktop/ranga_udacity/c3_project/nyc-rental-prices-predictions-ml-pipeline/src/train_random_forest/wandb/run-20230812_103043-72oax9tf/files/conda-environment.yaml
2023-08-12 10:37:33,386 INFO    Thread-11 :8189 [sender.py:transition_state():612] send defer: 11
2023-08-12 10:37:33,387 DEBUG   HandlerThread:8189 [handler.py:handle_request():144] handle_request: defer
2023-08-12 10:37:33,387 INFO    HandlerThread:8189 [handler.py:handle_request_defer():170] handle defer: 11
2023-08-12 10:37:33,388 DEBUG   SenderThread:8189 [sender.py:send_request():406] send_request: defer
2023-08-12 10:37:33,388 INFO    SenderThread:8189 [sender.py:send_request_defer():608] handle sender defer: 11
2023-08-12 10:37:33,388 INFO    SenderThread:8189 [file_pusher.py:join():164] waiting for file pusher
2023-08-12 10:37:33,388 INFO    SenderThread:8189 [sender.py:transition_state():612] send defer: 12
2023-08-12 10:37:33,389 DEBUG   HandlerThread:8189 [handler.py:handle_request():144] handle_request: defer
2023-08-12 10:37:33,389 INFO    HandlerThread:8189 [handler.py:handle_request_defer():170] handle defer: 12
2023-08-12 10:37:33,389 DEBUG   SenderThread:8189 [sender.py:send_request():406] send_request: defer
2023-08-12 10:37:33,390 INFO    SenderThread:8189 [sender.py:send_request_defer():608] handle sender defer: 12
2023-08-12 10:37:33,390 INFO    SenderThread:8189 [file_stream.py:finish():593] file stream finish called
2023-08-12 10:37:34,449 INFO    SenderThread:8189 [file_stream.py:finish():597] file stream finish is done
2023-08-12 10:37:34,449 INFO    SenderThread:8189 [sender.py:transition_state():612] send defer: 13
2023-08-12 10:37:34,449 DEBUG   HandlerThread:8189 [handler.py:handle_request():144] handle_request: defer
2023-08-12 10:37:34,449 INFO    HandlerThread:8189 [handler.py:handle_request_defer():170] handle defer: 13
2023-08-12 10:37:34,450 DEBUG   SenderThread:8189 [sender.py:send_request():406] send_request: defer
2023-08-12 10:37:34,450 INFO    SenderThread:8189 [sender.py:send_request_defer():608] handle sender defer: 13
2023-08-12 10:37:34,450 INFO    SenderThread:8189 [sender.py:transition_state():612] send defer: 14
2023-08-12 10:37:34,451 DEBUG   HandlerThread:8189 [handler.py:handle_request():144] handle_request: defer
2023-08-12 10:37:34,451 DEBUG   SenderThread:8189 [sender.py:send():379] send: final
2023-08-12 10:37:34,451 INFO    HandlerThread:8189 [handler.py:handle_request_defer():170] handle defer: 14
2023-08-12 10:37:34,451 DEBUG   SenderThread:8189 [sender.py:send():379] send: footer
2023-08-12 10:37:34,451 DEBUG   SenderThread:8189 [sender.py:send_request():406] send_request: defer
2023-08-12 10:37:34,452 INFO    SenderThread:8189 [sender.py:send_request_defer():608] handle sender defer: 14
2023-08-12 10:37:34,453 DEBUG   HandlerThread:8189 [handler.py:handle_request():144] handle_request: poll_exit
2023-08-12 10:37:34,453 DEBUG   HandlerThread:8189 [handler.py:handle_request():144] handle_request: server_info
2023-08-12 10:37:34,453 DEBUG   HandlerThread:8189 [handler.py:handle_request():144] handle_request: get_summary
2023-08-12 10:37:34,454 DEBUG   HandlerThread:8189 [handler.py:handle_request():144] handle_request: sampled_history
2023-08-12 10:37:34,454 DEBUG   HandlerThread:8189 [handler.py:handle_request():144] handle_request: job_info
2023-08-12 10:37:34,457 DEBUG   SenderThread:8189 [sender.py:send_request():406] send_request: poll_exit
2023-08-12 10:37:34,458 DEBUG   SenderThread:8189 [sender.py:send_request():406] send_request: server_info
2023-08-12 10:37:34,757 DEBUG   SenderThread:8189 [sender.py:send_request():406] send_request: job_info
2023-08-12 10:37:34,758 INFO    MainThread:8189 [wandb_run.py:_footer_history_summary_info():3481] rendering history
2023-08-12 10:37:34,759 INFO    MainThread:8189 [wandb_run.py:_footer_history_summary_info():3513] rendering summary
2023-08-12 10:37:34,759 INFO    MainThread:8189 [wandb_run.py:_footer_sync_info():3440] logging synced files
2023-08-12 10:37:34,761 DEBUG   HandlerThread:8189 [handler.py:handle_request():144] handle_request: shutdown
2023-08-12 10:37:34,761 INFO    HandlerThread:8189 [handler.py:finish():857] shutting down handler
2023-08-12 10:37:35,462 INFO    WriterThread:8189 [datastore.py:close():294] close: /Users/apple/Desktop/ranga_udacity/c3_project/nyc-rental-prices-predictions-ml-pipeline/src/train_random_forest/wandb/run-20230812_103043-72oax9tf/run-72oax9tf.wandb
2023-08-12 10:37:35,763 INFO    SenderThread:8189 [sender.py:finish():1552] shutting down sender
2023-08-12 10:37:35,764 INFO    SenderThread:8189 [file_pusher.py:finish():159] shutting down file pusher
2023-08-12 10:37:35,764 INFO    SenderThread:8189 [file_pusher.py:join():164] waiting for file pusher
